# JRE version: Java(TM) SE Runtime Environment (17.0.10+11) (build 17.0.10+11-LTS-240)
# Java VM: Java HotSpot(TM) 64-Bit Server VM (17.0.10+11-LTS-240, mixed mode, sharing, tiered, compressed oops, compressed class ptrs, g1 gc, windows-amd64)
GC Precious Log:
 CPUs: 8 total, 8 available
 Memory: 32304M
 Large Page Support: Disabled
 NUMA Support: Disabled
 Compressed Oops: Enabled (Zero based)
 Heap Region Size: 4M
 Heap Min Capacity: 8M
 Heap Initial Capacity: 508M
 Heap Max Capacity: 8080M
 Pre-touch: Disabled
 Parallel Workers: 8
 Concurrent Workers: 2
 Concurrent Refinement Workers: 8
 Periodic GC: Disabled
Heap:
 garbage-first heap   total 57344K, used 17752K [0x0000000607000000, 0x0000000800000000)
  region size 4096K, 3 young (12288K), 1 survivors (4096K)
 Metaspace       used 31825K, committed 32320K, reserved 1114112K
  class space    used 4069K, committed 4288K, reserved 1048576K
GC Heap History (12 events):
Event: 0.401 GC heap before
{Heap before GC invocations=0 (full 0):
 garbage-first heap   total 520192K, used 24576K [0x0000000607000000, 0x0000000800000000)
  region size 4096K, 6 young (24576K), 0 survivors (0K)
 Metaspace       used 5078K, committed 5376K, reserved 1114112K
  class space    used 585K, committed 704K, reserved 1048576K
}
Event: 0.403 GC heap after
{Heap after GC invocations=1 (full 0):
 garbage-first heap   total 520192K, used 2737K [0x0000000607000000, 0x0000000800000000)
  region size 4096K, 1 young (4096K), 1 survivors (4096K)
 Metaspace       used 5078K, committed 5376K, reserved 1114112K
  class space    used 585K, committed 704K, reserved 1048576K
}
Event: 0.848 GC heap before
{Heap before GC invocations=1 (full 0):
 garbage-first heap   total 520192K, used 35505K [0x0000000607000000, 0x0000000800000000)
  region size 4096K, 9 young (36864K), 1 survivors (4096K)
 Metaspace       used 10723K, committed 11072K, reserved 1114112K
  class space    used 1337K, committed 1472K, reserved 1048576K
}
Event: 0.852 GC heap after
{Heap after GC invocations=2 (full 0):
 garbage-first heap   total 520192K, used 4771K [0x0000000607000000, 0x0000000800000000)
  region size 4096K, 2 young (8192K), 2 survivors (8192K)
 Metaspace       used 10723K, committed 11072K, reserved 1114112K
  class space    used 1337K, committed 1472K, reserved 1048576K
}
Event: 1.805 GC heap before
{Heap before GC invocations=2 (full 0):
 garbage-first heap   total 520192K, used 86691K [0x0000000607000000, 0x0000000800000000)
  region size 4096K, 23 young (94208K), 2 survivors (8192K)
 Metaspace       used 21145K, committed 21504K, reserved 1114112K
  class space    used 2656K, committed 2816K, reserved 1048576K
}
Event: 1.811 GC heap after
{Heap after GC invocations=3 (full 0):
 garbage-first heap   total 520192K, used 9243K [0x0000000607000000, 0x0000000800000000)
  region size 4096K, 3 young (12288K), 3 survivors (12288K)
 Metaspace       used 21145K, committed 21504K, reserved 1114112K
  class space    used 2656K, committed 2816K, reserved 1048576K
}
Event: 2.319 GC heap before
{Heap before GC invocations=4 (full 0):
 garbage-first heap   total 57344K, used 37915K [0x0000000607000000, 0x0000000800000000)
  region size 4096K, 11 young (45056K), 3 survivors (12288K)
 Metaspace       used 25236K, committed 25664K, reserved 1114112K
  class space    used 3210K, committed 3392K, reserved 1048576K
}
Event: 2.325 GC heap after
{Heap after GC invocations=5 (full 0):
 garbage-first heap   total 57344K, used 11230K [0x0000000607000000, 0x0000000800000000)
  region size 4096K, 3 young (12288K), 3 survivors (12288K)
 Metaspace       used 25236K, committed 25664K, reserved 1114112K
  class space    used 3210K, committed 3392K, reserved 1048576K
}
Event: 2.547 GC heap before
{Heap before GC invocations=5 (full 0):
 garbage-first heap   total 57344K, used 31710K [0x0000000607000000, 0x0000000800000000)
  region size 4096K, 8 young (32768K), 3 survivors (12288K)
 Metaspace       used 27463K, committed 27904K, reserved 1114112K
  class space    used 3507K, committed 3712K, reserved 1048576K
}
Event: 2.553 GC heap after
{Heap after GC invocations=6 (full 0):
 garbage-first heap   total 57344K, used 12686K [0x0000000607000000, 0x0000000800000000)
  region size 4096K, 1 young (4096K), 1 survivors (4096K)
 Metaspace       used 27463K, committed 27904K, reserved 1114112K
  class space    used 3507K, committed 3712K, reserved 1048576K
}
Event: 50.067 GC heap before
{Heap before GC invocations=6 (full 0):
 garbage-first heap   total 57344K, used 33166K [0x0000000607000000, 0x0000000800000000)
  region size 4096K, 7 young (28672K), 1 survivors (4096K)
 Metaspace       used 30904K, committed 31424K, reserved 1114112K
  class space    used 3944K, committed 4160K, reserved 1048576K
}
Event: 50.069 GC heap after
{Heap after GC invocations=7 (full 0):
 garbage-first heap   total 57344K, used 13656K [0x0000000607000000, 0x0000000800000000)
  region size 4096K, 1 young (4096K), 1 survivors (4096K)
 Metaspace       used 30904K, committed 31424K, reserved 1114112K
  class space    used 3944K, committed 4160K, reserved 1048576K
}

