# JRE version: Java(TM) SE Runtime Environment (17.0.10+11) (build 17.0.10+11-LTS-240)
# Java VM: Java HotSpot(TM) 64-Bit Server VM (17.0.10+11-LTS-240, mixed mode, emulated-client, sharing, tiered, compressed oops, compressed class ptrs, g1 gc, windows-amd64)
GC Precious Log:
 CPUs: 8 total, 8 available
 Memory: 32304M
 Large Page Support: Disabled
 NUMA Support: Disabled
 Compressed Oops: Enabled (Zero based)
 Heap Region Size: 4M
 Heap Min Capacity: 8M
 Heap Initial Capacity: 508M
 Heap Max Capacity: 8080M
 Pre-touch: Disabled
 Parallel Workers: 8
 Concurrent Workers: 2
 Concurrent Refinement Workers: 8
 Periodic GC: Disabled
Heap:
 garbage-first heap   total 69632K, used 18980K [0x0000000607000000, 0x0000000800000000)
  region size 4096K, 3 young (12288K), 1 survivors (4096K)
 Metaspace       used 28328K, committed 28736K, reserved 1114112K
  class space    used 3975K, committed 4160K, reserved 1048576K
GC Heap History (12 events):
Event: 0.586 GC heap before
{Heap before GC invocations=0 (full 0):
 garbage-first heap   total 520192K, used 24576K [0x0000000607000000, 0x0000000800000000)
  region size 4096K, 6 young (24576K), 0 survivors (0K)
 Metaspace       used 5815K, committed 6080K, reserved 1114112K
  class space    used 786K, committed 896K, reserved 1048576K
}
Event: 0.589 GC heap after
{Heap after GC invocations=1 (full 0):
 garbage-first heap   total 520192K, used 4240K [0x0000000607000000, 0x0000000800000000)
  region size 4096K, 1 young (4096K), 1 survivors (4096K)
 Metaspace       used 5815K, committed 6080K, reserved 1114112K
  class space    used 786K, committed 896K, reserved 1048576K
}
Event: 0.896 GC heap before
{Heap before GC invocations=1 (full 0):
 garbage-first heap   total 520192K, used 24720K [0x0000000607000000, 0x0000000800000000)
  region size 4096K, 7 young (28672K), 1 survivors (4096K)
 Metaspace       used 10640K, committed 11008K, reserved 1114112K
  class space    used 1472K, committed 1664K, reserved 1048576K
}
Event: 0.901 GC heap after
{Heap after GC invocations=2 (full 0):
 garbage-first heap   total 520192K, used 6714K [0x0000000607000000, 0x0000000800000000)
  region size 4096K, 1 young (4096K), 1 survivors (4096K)
 Metaspace       used 10640K, committed 11008K, reserved 1114112K
  class space    used 1472K, committed 1664K, reserved 1048576K
}
Event: 1.661 GC heap before
{Heap before GC invocations=2 (full 0):
 garbage-first heap   total 520192K, used 64058K [0x0000000607000000, 0x0000000800000000)
  region size 4096K, 15 young (61440K), 1 survivors (4096K)
 Metaspace       used 19799K, committed 20160K, reserved 1114112K
  class space    used 2777K, committed 2944K, reserved 1048576K
}
Event: 1.666 GC heap after
{Heap after GC invocations=3 (full 0):
 garbage-first heap   total 520192K, used 10641K [0x0000000607000000, 0x0000000800000000)
  region size 4096K, 2 young (8192K), 2 survivors (8192K)
 Metaspace       used 19799K, committed 20160K, reserved 1114112K
  class space    used 2777K, committed 2944K, reserved 1048576K
}
Event: 1.852 GC heap before
{Heap before GC invocations=3 (full 0):
 garbage-first heap   total 520192K, used 18833K [0x0000000607000000, 0x0000000800000000)
  region size 4096K, 5 young (20480K), 2 survivors (8192K)
 Metaspace       used 21093K, committed 21504K, reserved 1114112K
  class space    used 3007K, committed 3200K, reserved 1048576K
}
Event: 1.856 GC heap after
{Heap after GC invocations=4 (full 0):
 garbage-first heap   total 520192K, used 11967K [0x0000000607000000, 0x0000000800000000)
  region size 4096K, 2 young (8192K), 2 survivors (8192K)
 Metaspace       used 21093K, committed 21504K, reserved 1114112K
  class space    used 3007K, committed 3200K, reserved 1048576K
}
Event: 2.269 GC heap before
{Heap before GC invocations=5 (full 0):
 garbage-first heap   total 69632K, used 44735K [0x0000000607000000, 0x0000000800000000)
  region size 4096K, 10 young (40960K), 2 survivors (8192K)
 Metaspace       used 25836K, committed 26304K, reserved 1114112K
  class space    used 3638K, committed 3840K, reserved 1048576K
}
Event: 2.274 GC heap after
{Heap after GC invocations=6 (full 0):
 garbage-first heap   total 69632K, used 14356K [0x0000000607000000, 0x0000000800000000)
  region size 4096K, 1 young (4096K), 1 survivors (4096K)
 Metaspace       used 25836K, committed 26304K, reserved 1114112K
  class space    used 3638K, committed 3840K, reserved 1048576K
}
Event: 12.459 GC heap before
{Heap before GC invocations=6 (full 0):
 garbage-first heap   total 69632K, used 18452K [0x0000000607000000, 0x0000000800000000)
  region size 4096K, 2 young (8192K), 1 survivors (4096K)
 Metaspace       used 27090K, committed 27520K, reserved 1114112K
  class space    used 3799K, committed 4032K, reserved 1048576K
}
Event: 12.461 GC heap after
{Heap after GC invocations=7 (full 0):
 garbage-first heap   total 69632K, used 14884K [0x0000000607000000, 0x0000000800000000)
  region size 4096K, 1 young (4096K), 1 survivors (4096K)
 Metaspace       used 27090K, committed 27520K, reserved 1114112K
  class space    used 3799K, committed 4032K, reserved 1048576K
}

