# JRE version: Java(TM) SE Runtime Environment (17.0.10+11) (build 17.0.10+11-LTS-240)
# Java VM: Java HotSpot(TM) 64-Bit Server VM (17.0.10+11-LTS-240, mixed mode, emulated-client, sharing, tiered, compressed oops, compressed class ptrs, g1 gc, windows-amd64)
GC Precious Log:
 CPUs: 8 total, 8 available
 Memory: 32304M
 Large Page Support: Disabled
 NUMA Support: Disabled
 Compressed Oops: Enabled (Zero based)
 Heap Region Size: 4M
 Heap Min Capacity: 8M
 Heap Initial Capacity: 508M
 Heap Max Capacity: 8080M
 Pre-touch: Disabled
 Parallel Workers: 8
 Concurrent Workers: 2
 Concurrent Refinement Workers: 8
 Periodic GC: Disabled
Heap:
 garbage-first heap   total 69632K, used 15029K [0x0000000607000000, 0x0000000800000000)
  region size 4096K, 2 young (8192K), 1 survivors (4096K)
 Metaspace       used 28014K, committed 28544K, reserved 1114112K
  class space    used 3933K, committed 4160K, reserved 1048576K
GC Heap History (12 events):
Event: 0.613 GC heap before
{Heap before GC invocations=0 (full 0):
 garbage-first heap   total 520192K, used 24576K [0x0000000607000000, 0x0000000800000000)
  region size 4096K, 6 young (24576K), 0 survivors (0K)
 Metaspace       used 5820K, committed 6080K, reserved 1114112K
  class space    used 787K, committed 896K, reserved 1048576K
}
Event: 0.617 GC heap after
{Heap after GC invocations=1 (full 0):
 garbage-first heap   total 520192K, used 4255K [0x0000000607000000, 0x0000000800000000)
  region size 4096K, 1 young (4096K), 1 survivors (4096K)
 Metaspace       used 5820K, committed 6080K, reserved 1114112K
  class space    used 787K, committed 896K, reserved 1048576K
}
Event: 1.020 GC heap before
{Heap before GC invocations=1 (full 0):
 garbage-first heap   total 520192K, used 24735K [0x0000000607000000, 0x0000000800000000)
  region size 4096K, 7 young (28672K), 1 survivors (4096K)
 Metaspace       used 10755K, committed 11136K, reserved 1114112K
  class space    used 1487K, committed 1664K, reserved 1048576K
}
Event: 1.025 GC heap after
{Heap after GC invocations=2 (full 0):
 garbage-first heap   total 520192K, used 6620K [0x0000000607000000, 0x0000000800000000)
  region size 4096K, 1 young (4096K), 1 survivors (4096K)
 Metaspace       used 10755K, committed 11136K, reserved 1114112K
  class space    used 1487K, committed 1664K, reserved 1048576K
}
Event: 1.893 GC heap before
{Heap before GC invocations=2 (full 0):
 garbage-first heap   total 520192K, used 59868K [0x0000000607000000, 0x0000000800000000)
  region size 4096K, 14 young (57344K), 1 survivors (4096K)
 Metaspace       used 18988K, committed 19328K, reserved 1114112K
  class space    used 2669K, committed 2816K, reserved 1048576K
}
Event: 1.898 GC heap after
{Heap after GC invocations=3 (full 0):
 garbage-first heap   total 520192K, used 10335K [0x0000000607000000, 0x0000000800000000)
  region size 4096K, 2 young (8192K), 2 survivors (8192K)
 Metaspace       used 18988K, committed 19328K, reserved 1114112K
  class space    used 2669K, committed 2816K, reserved 1048576K
}
Event: 2.172 GC heap before
{Heap before GC invocations=3 (full 0):
 garbage-first heap   total 520192K, used 22623K [0x0000000607000000, 0x0000000800000000)
  region size 4096K, 6 young (24576K), 2 survivors (8192K)
 Metaspace       used 21098K, committed 21504K, reserved 1114112K
  class space    used 3010K, committed 3200K, reserved 1048576K
}
Event: 2.177 GC heap after
{Heap after GC invocations=4 (full 0):
 garbage-first heap   total 520192K, used 11537K [0x0000000607000000, 0x0000000800000000)
  region size 4096K, 2 young (8192K), 2 survivors (8192K)
 Metaspace       used 21098K, committed 21504K, reserved 1114112K
  class space    used 3010K, committed 3200K, reserved 1048576K
}
Event: 2.653 GC heap before
{Heap before GC invocations=5 (full 0):
 garbage-first heap   total 69632K, used 44305K [0x0000000607000000, 0x0000000800000000)
  region size 4096K, 10 young (40960K), 2 survivors (8192K)
 Metaspace       used 25849K, committed 26304K, reserved 1114112K
  class space    used 3643K, committed 3840K, reserved 1048576K
}
Event: 2.659 GC heap after
{Heap after GC invocations=6 (full 0):
 garbage-first heap   total 69632K, used 14449K [0x0000000607000000, 0x0000000800000000)
  region size 4096K, 2 young (8192K), 2 survivors (8192K)
 Metaspace       used 25849K, committed 26304K, reserved 1114112K
  class space    used 3643K, committed 3840K, reserved 1048576K
}
Event: 13.077 GC heap before
{Heap before GC invocations=6 (full 0):
 garbage-first heap   total 69632K, used 18545K [0x0000000607000000, 0x0000000800000000)
  region size 4096K, 3 young (12288K), 2 survivors (8192K)
 Metaspace       used 27108K, committed 27584K, reserved 1114112K
  class space    used 3804K, committed 4032K, reserved 1048576K
}
Event: 13.079 GC heap after
{Heap after GC invocations=7 (full 0):
 garbage-first heap   total 69632K, used 15029K [0x0000000607000000, 0x0000000800000000)
  region size 4096K, 1 young (4096K), 1 survivors (4096K)
 Metaspace       used 27108K, committed 27584K, reserved 1114112K
  class space    used 3804K, committed 4032K, reserved 1048576K
}

